<?xml version="1.0" encoding="UTF-8"?>
<!-- Generated by org.testng.reporters.JUnitReportReporter -->
<testsuite skipped="0" hostname="Sowbhas-iMac-2.local" name="com.Test.apiTest.WeatherAPITest" tests="2" failures="0" timestamp="08 Aug 2019 07:26:32 GMT" time="5.146" errors="0">
  <testcase name="getWeatherInfoOfLondonWithValidData" time="4.783" classname="com.Test.apiTest.WeatherAPITest"/>
  <testcase name="gettingverifyerrorMessages" time="0.363" classname="com.Test.apiTest.WeatherAPITest"/>
</testsuite> <!-- com.Test.apiTest.WeatherAPITest -->
