<?xml version="1.0" encoding="UTF-8"?>
<!-- Generated by org.testng.reporters.JUnitReportReporter -->
<testsuite skipped="0" hostname="Sowbhas-iMac-2.local" name="com.Test.apiTest.DataProviderWeatherAPI" tests="50" failures="2" timestamp="06 Nov 2019 12:45:55 GMT" time="40.087" errors="0">
  <testcase name="getWeatherInfoWithPositiveTestCases" time="0.833" classname="com.Test.apiTest.DataProviderWeatherAPI"/>
  <testcase name="getWeatherInfoWithPositiveTestCases" time="0.545" classname="com.Test.apiTest.DataProviderWeatherAPI"/>
  <testcase name="getWeatherInfoWithPositiveTestCases" time="0.439" classname="com.Test.apiTest.DataProviderWeatherAPI"/>
  <testcase name="getWeatherInfoWithPositiveTestCases" time="0.382" classname="com.Test.apiTest.DataProviderWeatherAPI"/>
  <testcase name="getWeatherInfoWithPositiveTestCases" time="0.338" classname="com.Test.apiTest.DataProviderWeatherAPI"/>
  <testcase name="getWeatherInfoWithPositiveTestCases" time="0.361" classname="com.Test.apiTest.DataProviderWeatherAPI"/>
  <testcase name="getWeatherInfoWithPositiveTestCases" time="0.392" classname="com.Test.apiTest.DataProviderWeatherAPI"/>
  <testcase name="getWeatherInfoWithPositiveTestCases" time="0.335" classname="com.Test.apiTest.DataProviderWeatherAPI"/>
  <testcase name="getWeatherInfoWithPositiveTestCases" time="0.554" classname="com.Test.apiTest.DataProviderWeatherAPI"/>
  <testcase name="getWeatherInfoWithPositiveTestCases" time="0.432" classname="com.Test.apiTest.DataProviderWeatherAPI"/>
  <testcase name="getWeatherInfoWithPositiveTestCases" time="0.325" classname="com.Test.apiTest.DataProviderWeatherAPI"/>
  <testcase name="getWeatherInfoWithPositiveTestCases" time="0.342" classname="com.Test.apiTest.DataProviderWeatherAPI"/>
  <testcase name="getWeatherInfoWithPositiveTestCases" time="0.335" classname="com.Test.apiTest.DataProviderWeatherAPI"/>
  <testcase name="getWeatherInfoWithPositiveTestCases" time="0.352" classname="com.Test.apiTest.DataProviderWeatherAPI"/>
  <testcase name="getWeatherInfoWithPositiveTestCases" time="4.254" classname="com.Test.apiTest.DataProviderWeatherAPI">
    <failure type="java.lang.AssertionError" message="1 expectation failed.
JSON path sys.country doesn&#039;t match.
Expected: a string equal to &quot;US&quot; ignoring case
  Actual: IN
">
      <![CDATA[java.lang.AssertionError: 1 expectation failed.
JSON path sys.country doesn't match.
Expected: a string equal to "US" ignoring case
  Actual: IN

at sun.reflect.NativeConstructorAccessorImpl.newInstance0(Native Method)
at sun.reflect.NativeConstructorAccessorImpl.newInstance(NativeConstructorAccessorImpl.java:62)
at sun.reflect.DelegatingConstructorAccessorImpl.newInstance(DelegatingConstructorAccessorImpl.java:45)
at java.lang.reflect.Constructor.newInstance(Constructor.java:423)
at org.codehaus.groovy.reflection.CachedConstructor.invoke(CachedConstructor.java:80)
at org.codehaus.groovy.reflection.CachedConstructor.doConstructorInvoke(CachedConstructor.java:74)
at org.codehaus.groovy.runtime.callsite.ConstructorSite$ConstructorSiteNoUnwrap.callConstructor(ConstructorSite.java:84)
at org.codehaus.groovy.runtime.callsite.AbstractCallSite.callConstructor(AbstractCallSite.java:249)
at io.restassured.internal.ResponseSpecificationImpl$HamcrestAssertionClosure.validate(ResponseSpecificationImpl.groovy:492)
at io.restassured.internal.ResponseSpecificationImpl$HamcrestAssertionClosure$validate$1.call(Unknown Source)
at io.restassured.internal.ResponseSpecificationImpl.validateResponseIfRequired(ResponseSpecificationImpl.groovy:655)
at sun.reflect.NativeMethodAccessorImpl.invoke0(Native Method)
at sun.reflect.NativeMethodAccessorImpl.invoke(NativeMethodAccessorImpl.java:62)
at sun.reflect.DelegatingMethodAccessorImpl.invoke(DelegatingMethodAccessorImpl.java:43)
at java.lang.reflect.Method.invoke(Method.java:498)
at org.codehaus.groovy.runtime.callsite.PlainObjectMetaMethodSite.doInvoke(PlainObjectMetaMethodSite.java:43)
at org.codehaus.groovy.runtime.callsite.PogoMetaMethodSite$PogoCachedMethodSiteNoUnwrapNoCoerce.invoke(PogoMetaMethodSite.java:190)
at org.codehaus.groovy.runtime.callsite.PogoMetaMethodSite.callCurrent(PogoMetaMethodSite.java:58)
at org.codehaus.groovy.runtime.callsite.AbstractCallSite.callCurrent(AbstractCallSite.java:168)
at io.restassured.internal.ResponseSpecificationImpl.body(ResponseSpecificationImpl.groovy:260)
at io.restassured.specification.ResponseSpecification$body$1.callCurrent(Unknown Source)
at org.codehaus.groovy.runtime.callsite.CallSiteArray.defaultCallCurrent(CallSiteArray.java:51)
at io.restassured.specification.ResponseSpecification$body$1.callCurrent(Unknown Source)
at io.restassured.internal.ResponseSpecificationImpl.body(ResponseSpecificationImpl.groovy:107)
at io.restassured.internal.ValidatableResponseOptionsImpl.body(ValidatableResponseOptionsImpl.java:244)
at io.restassured.internal.ValidatableResponseImpl.super$2$body(ValidatableResponseImpl.groovy)
at sun.reflect.NativeMethodAccessorImpl.invoke0(Native Method)
at sun.reflect.NativeMethodAccessorImpl.invoke(NativeMethodAccessorImpl.java:62)
at sun.reflect.DelegatingMethodAccessorImpl.invoke(DelegatingMethodAccessorImpl.java:43)
at java.lang.reflect.Method.invoke(Method.java:498)
at org.codehaus.groovy.reflection.CachedMethod.invoke(CachedMethod.java:101)
at groovy.lang.MetaMethod.doMethodInvoke(MetaMethod.java:323)
at groovy.lang.MetaClassImpl.invokeMethod(MetaClassImpl.java:1217)
at org.codehaus.groovy.runtime.ScriptBytecodeAdapter.invokeMethodOnSuperN(ScriptBytecodeAdapter.java:144)
at io.restassured.internal.ValidatableResponseImpl.body(ValidatableResponseImpl.groovy:298)
at io.restassured.internal.ValidatableResponseImpl.body(ValidatableResponseImpl.groovy)
at com.Test.apiTest.DataProviderWeatherAPI.getWeatherInfoWithPositiveTestCases(DataProviderWeatherAPI.java:56)
at sun.reflect.NativeMethodAccessorImpl.invoke0(Native Method)
at sun.reflect.NativeMethodAccessorImpl.invoke(NativeMethodAccessorImpl.java:62)
at sun.reflect.DelegatingMethodAccessorImpl.invoke(DelegatingMethodAccessorImpl.java:43)
at java.lang.reflect.Method.invoke(Method.java:498)
at org.testng.internal.MethodInvocationHelper.invokeMethod(MethodInvocationHelper.java:124)
at org.testng.internal.Invoker.invokeMethod(Invoker.java:583)
at org.testng.internal.Invoker.invokeTestMethod(Invoker.java:719)
at org.testng.internal.Invoker.invokeTestMethods(Invoker.java:989)
at org.testng.internal.TestMethodWorker.invokeTestMethods(TestMethodWorker.java:125)
at org.testng.internal.TestMethodWorker.run(TestMethodWorker.java:109)
at org.testng.TestRunner.privateRun(TestRunner.java:648)
at org.testng.TestRunner.run(TestRunner.java:505)
at org.testng.SuiteRunner.runTest(SuiteRunner.java:455)
at org.testng.SuiteRunner.runSequentially(SuiteRunner.java:450)
at org.testng.SuiteRunner.privateRun(SuiteRunner.java:415)
at org.testng.SuiteRunner.run(SuiteRunner.java:364)
at org.testng.SuiteRunnerWorker.runSuite(SuiteRunnerWorker.java:52)
at org.testng.SuiteRunnerWorker.run(SuiteRunnerWorker.java:84)
at org.testng.TestNG.runSuitesSequentially(TestNG.java:1208)
at org.testng.TestNG.runSuitesLocally(TestNG.java:1137)
at org.testng.TestNG.runSuites(TestNG.java:1049)
at org.testng.TestNG.run(TestNG.java:1017)
at org.testng.remote.AbstractRemoteTestNG.run(AbstractRemoteTestNG.java:115)
at org.testng.remote.RemoteTestNG.initAndRun(RemoteTestNG.java:251)
at org.testng.remote.RemoteTestNG.main(RemoteTestNG.java:77)
]]>
    </failure>
  </testcase> <!-- getWeatherInfoWithPositiveTestCases -->
  <testcase name="getWeatherInfoWithPositiveTestCases" time="0.326" classname="com.Test.apiTest.DataProviderWeatherAPI"/>
  <testcase name="getWeatherInfoWithPositiveTestCases" time="0.373" classname="com.Test.apiTest.DataProviderWeatherAPI"/>
  <testcase name="getWeatherInfoWithPositiveTestCases" time="0.347" classname="com.Test.apiTest.DataProviderWeatherAPI"/>
  <testcase name="getWeatherInfoWithPositiveTestCases" time="0.577" classname="com.Test.apiTest.DataProviderWeatherAPI"/>
  <testcase name="getWeatherInfoWithPositiveTestCases" time="0.339" classname="com.Test.apiTest.DataProviderWeatherAPI"/>
  <testcase name="getWeatherInfoWithPositiveTestCases" time="0.335" classname="com.Test.apiTest.DataProviderWeatherAPI"/>
  <testcase name="getWeatherInfoWithPositiveTestCases" time="0.329" classname="com.Test.apiTest.DataProviderWeatherAPI"/>
  <testcase name="getWeatherInfoWithPositiveTestCases" time="0.368" classname="com.Test.apiTest.DataProviderWeatherAPI"/>
  <testcase name="getWeatherInfoWithPositiveTestCases" time="0.352" classname="com.Test.apiTest.DataProviderWeatherAPI"/>
  <testcase name="getWeatherInfoWithPositiveTestCases" time="17.501" classname="com.Test.apiTest.DataProviderWeatherAPI">
    <failure type="java.lang.AssertionError" message="1 expectation failed.
Expected status code &lt;300&gt; but was &lt;200&gt;.
">
      <![CDATA[java.lang.AssertionError: 1 expectation failed.
Expected status code <300> but was <200>.

at sun.reflect.NativeConstructorAccessorImpl.newInstance0(Native Method)
at sun.reflect.NativeConstructorAccessorImpl.newInstance(NativeConstructorAccessorImpl.java:62)
at sun.reflect.DelegatingConstructorAccessorImpl.newInstance(DelegatingConstructorAccessorImpl.java:45)
at java.lang.reflect.Constructor.newInstance(Constructor.java:423)
at org.codehaus.groovy.reflection.CachedConstructor.invoke(CachedConstructor.java:80)
at org.codehaus.groovy.reflection.CachedConstructor.doConstructorInvoke(CachedConstructor.java:74)
at org.codehaus.groovy.runtime.callsite.ConstructorSite$ConstructorSiteNoUnwrap.callConstructor(ConstructorSite.java:84)
at org.codehaus.groovy.runtime.callsite.CallSiteArray.defaultCallConstructor(CallSiteArray.java:59)
at org.codehaus.groovy.runtime.callsite.AbstractCallSite.callConstructor(AbstractCallSite.java:237)
at org.codehaus.groovy.runtime.callsite.AbstractCallSite.callConstructor(AbstractCallSite.java:249)
at io.restassured.internal.ResponseSpecificationImpl$HamcrestAssertionClosure.validate(ResponseSpecificationImpl.groovy:492)
at io.restassured.internal.ResponseSpecificationImpl$HamcrestAssertionClosure$validate$1.call(Unknown Source)
at org.codehaus.groovy.runtime.callsite.CallSiteArray.defaultCall(CallSiteArray.java:47)
at org.codehaus.groovy.runtime.callsite.AbstractCallSite.call(AbstractCallSite.java:115)
at org.codehaus.groovy.runtime.callsite.AbstractCallSite.call(AbstractCallSite.java:127)
at io.restassured.internal.ResponseSpecificationImpl.validateResponseIfRequired(ResponseSpecificationImpl.groovy:655)
at sun.reflect.NativeMethodAccessorImpl.invoke0(Native Method)
at sun.reflect.NativeMethodAccessorImpl.invoke(NativeMethodAccessorImpl.java:62)
at sun.reflect.DelegatingMethodAccessorImpl.invoke(DelegatingMethodAccessorImpl.java:43)
at java.lang.reflect.Method.invoke(Method.java:498)
at org.codehaus.groovy.runtime.callsite.PlainObjectMetaMethodSite.doInvoke(PlainObjectMetaMethodSite.java:43)
at org.codehaus.groovy.runtime.callsite.PogoMetaMethodSite$PogoCachedMethodSiteNoUnwrapNoCoerce.invoke(PogoMetaMethodSite.java:190)
at org.codehaus.groovy.runtime.callsite.PogoMetaMethodSite.callCurrent(PogoMetaMethodSite.java:58)
at org.codehaus.groovy.runtime.callsite.CallSiteArray.defaultCallCurrent(CallSiteArray.java:51)
at org.codehaus.groovy.runtime.callsite.AbstractCallSite.callCurrent(AbstractCallSite.java:156)
at org.codehaus.groovy.runtime.callsite.AbstractCallSite.callCurrent(AbstractCallSite.java:168)
at io.restassured.internal.ResponseSpecificationImpl.statusCode(ResponseSpecificationImpl.groovy:125)
at io.restassured.specification.ResponseSpecification$statusCode$0.callCurrent(Unknown Source)
at org.codehaus.groovy.runtime.callsite.CallSiteArray.defaultCallCurrent(CallSiteArray.java:51)
at org.codehaus.groovy.runtime.callsite.AbstractCallSite.callCurrent(AbstractCallSite.java:156)
at org.codehaus.groovy.runtime.callsite.AbstractCallSite.callCurrent(AbstractCallSite.java:168)
at io.restassured.internal.ResponseSpecificationImpl.statusCode(ResponseSpecificationImpl.groovy:133)
at io.restassured.internal.ValidatableResponseOptionsImpl.statusCode(ValidatableResponseOptionsImpl.java:89)
at io.restassured.internal.ValidatableResponseImpl.super$2$statusCode(ValidatableResponseImpl.groovy)
at sun.reflect.NativeMethodAccessorImpl.invoke0(Native Method)
at sun.reflect.NativeMethodAccessorImpl.invoke(NativeMethodAccessorImpl.java:62)
at sun.reflect.DelegatingMethodAccessorImpl.invoke(DelegatingMethodAccessorImpl.java:43)
at java.lang.reflect.Method.invoke(Method.java:498)
at org.codehaus.groovy.reflection.CachedMethod.invoke(CachedMethod.java:101)
at groovy.lang.MetaMethod.doMethodInvoke(MetaMethod.java:323)
at groovy.lang.MetaClassImpl.invokeMethod(MetaClassImpl.java:1217)
at org.codehaus.groovy.runtime.ScriptBytecodeAdapter.invokeMethodOnSuperN(ScriptBytecodeAdapter.java:144)
at io.restassured.internal.ValidatableResponseImpl.statusCode(ValidatableResponseImpl.groovy:142)
at io.restassured.internal.ValidatableResponseImpl.statusCode(ValidatableResponseImpl.groovy)
at com.Test.apiTest.DataProviderWeatherAPI.getWeatherInfoWithPositiveTestCases(DataProviderWeatherAPI.java:50)
at sun.reflect.NativeMethodAccessorImpl.invoke0(Native Method)
at sun.reflect.NativeMethodAccessorImpl.invoke(NativeMethodAccessorImpl.java:62)
at sun.reflect.DelegatingMethodAccessorImpl.invoke(DelegatingMethodAccessorImpl.java:43)
at java.lang.reflect.Method.invoke(Method.java:498)
at org.testng.internal.MethodInvocationHelper.invokeMethod(MethodInvocationHelper.java:124)
at org.testng.internal.Invoker.invokeMethod(Invoker.java:583)
at org.testng.internal.Invoker.invokeTestMethod(Invoker.java:719)
at org.testng.internal.Invoker.invokeTestMethods(Invoker.java:989)
at org.testng.internal.TestMethodWorker.invokeTestMethods(TestMethodWorker.java:125)
at org.testng.internal.TestMethodWorker.run(TestMethodWorker.java:109)
at org.testng.TestRunner.privateRun(TestRunner.java:648)
at org.testng.TestRunner.run(TestRunner.java:505)
at org.testng.SuiteRunner.runTest(SuiteRunner.java:455)
at org.testng.SuiteRunner.runSequentially(SuiteRunner.java:450)
at org.testng.SuiteRunner.privateRun(SuiteRunner.java:415)
at org.testng.SuiteRunner.run(SuiteRunner.java:364)
at org.testng.SuiteRunnerWorker.runSuite(SuiteRunnerWorker.java:52)
at org.testng.SuiteRunnerWorker.run(SuiteRunnerWorker.java:84)
at org.testng.TestNG.runSuitesSequentially(TestNG.java:1208)
at org.testng.TestNG.runSuitesLocally(TestNG.java:1137)
at org.testng.TestNG.runSuites(TestNG.java:1049)
at org.testng.TestNG.run(TestNG.java:1017)
at org.testng.remote.AbstractRemoteTestNG.run(AbstractRemoteTestNG.java:115)
at org.testng.remote.RemoteTestNG.initAndRun(RemoteTestNG.java:251)
at org.testng.remote.RemoteTestNG.main(RemoteTestNG.java:77)
]]>
    </failure>
  </testcase> <!-- getWeatherInfoWithPositiveTestCases -->
  <testcase name="getWeatherInfoWithPositiveTestCases" time="0.432" classname="com.Test.apiTest.DataProviderWeatherAPI"/>
  <testcase name="getWeatherInfoWithPositiveTestCases" time="0.472" classname="com.Test.apiTest.DataProviderWeatherAPI"/>
  <testcase name="getWeatherInfoWithPositiveTestCases" time="0.328" classname="com.Test.apiTest.DataProviderWeatherAPI"/>
  <testcase name="getWeatherInfoWithPositiveTestCases" time="0.332" classname="com.Test.apiTest.DataProviderWeatherAPI"/>
  <testcase name="getWeatherInfoWithPositiveTestCases" time="0.388" classname="com.Test.apiTest.DataProviderWeatherAPI"/>
  <testcase name="getWeatherInfoWithNegativeTestCases" time="0.324" classname="com.Test.apiTest.DataProviderWeatherAPI"/>
  <testcase name="getWeatherInfoWithNegativeTestCases" time="0.366" classname="com.Test.apiTest.DataProviderWeatherAPI"/>
  <testcase name="getWeatherInfoWithNegativeTestCases" time="0.325" classname="com.Test.apiTest.DataProviderWeatherAPI"/>
  <testcase name="getWeatherInfoWithNegativeTestCases" time="0.299" classname="com.Test.apiTest.DataProviderWeatherAPI"/>
  <testcase name="getWeatherInfoWithNegativeTestCases" time="0.297" classname="com.Test.apiTest.DataProviderWeatherAPI"/>
  <testcase name="getWeatherInfoWithNegativeTestCases" time="0.416" classname="com.Test.apiTest.DataProviderWeatherAPI"/>
  <testcase name="getWeatherInfoWithNegativeTestCases" time="0.369" classname="com.Test.apiTest.DataProviderWeatherAPI"/>
  <testcase name="getWeatherInfoWithNegativeTestCases" time="0.318" classname="com.Test.apiTest.DataProviderWeatherAPI"/>
  <testcase name="getWeatherInfoWithNegativeTestCases" time="0.435" classname="com.Test.apiTest.DataProviderWeatherAPI"/>
  <testcase name="getWeatherInfoWithNegativeTestCases" time="0.325" classname="com.Test.apiTest.DataProviderWeatherAPI"/>
  <testcase name="getWeatherInfoWithNegativeTestCases" time="0.361" classname="com.Test.apiTest.DataProviderWeatherAPI"/>
  <testcase name="getWeatherInfoWithNegativeTestCases" time="0.296" classname="com.Test.apiTest.DataProviderWeatherAPI"/>
  <testcase name="getWeatherInfoWithNegativeTestCases" time="0.364" classname="com.Test.apiTest.DataProviderWeatherAPI"/>
  <testcase name="getWeatherInfoWithNegativeTestCases" time="0.305" classname="com.Test.apiTest.DataProviderWeatherAPI"/>
  <testcase name="getWeatherInfoWithNegativeTestCases" time="0.315" classname="com.Test.apiTest.DataProviderWeatherAPI"/>
  <testcase name="getWeatherInfoWithNegativeTestCases" time="0.534" classname="com.Test.apiTest.DataProviderWeatherAPI"/>
  <testcase name="getWeatherInfoWithNegativeTestCases" time="0.404" classname="com.Test.apiTest.DataProviderWeatherAPI"/>
  <testcase name="getWeatherInfoWithNegativeTestCases" time="0.382" classname="com.Test.apiTest.DataProviderWeatherAPI"/>
  <testcase name="getWeatherInfoWithNegativeTestCases" time="0.307" classname="com.Test.apiTest.DataProviderWeatherAPI"/>
  <testcase name="getWeatherInfoWithNegativeTestCases" time="0.327" classname="com.Test.apiTest.DataProviderWeatherAPI"/>
</testsuite> <!-- com.Test.apiTest.DataProviderWeatherAPI -->
