<?xml version="1.0" encoding="UTF-8"?>
<!-- Generated by org.testng.reporters.JUnitReportReporter -->
<testsuite skipped="0" hostname="Sowbhas-iMac-2.local" name="com.Demo.apiTesting.DemoExcelDataProvider" tests="50" failures="0" timestamp="13 Aug 2019 06:07:25 GMT" time="0.091" errors="0">
  <testcase name="test" time="0.002" classname="com.Demo.apiTesting.DemoExcelDataProvider"/>
  <testcase name="test" time="0.010" classname="com.Demo.apiTesting.DemoExcelDataProvider"/>
  <testcase name="test2" time="0.001" classname="com.Demo.apiTesting.DemoExcelDataProvider"/>
  <testcase name="test2" time="0.001" classname="com.Demo.apiTesting.DemoExcelDataProvider"/>
  <testcase name="test2" time="0.001" classname="com.Demo.apiTesting.DemoExcelDataProvider"/>
  <testcase name="test2" time="0.000" classname="com.Demo.apiTesting.DemoExcelDataProvider"/>
  <testcase name="test" time="0.002" classname="com.Demo.apiTesting.DemoExcelDataProvider"/>
  <testcase name="test2" time="0.002" classname="com.Demo.apiTesting.DemoExcelDataProvider"/>
  <testcase name="test" time="0.001" classname="com.Demo.apiTesting.DemoExcelDataProvider"/>
  <testcase name="test" time="0.001" classname="com.Demo.apiTesting.DemoExcelDataProvider"/>
  <testcase name="test" time="0.002" classname="com.Demo.apiTesting.DemoExcelDataProvider"/>
  <testcase name="test" time="0.004" classname="com.Demo.apiTesting.DemoExcelDataProvider"/>
  <testcase name="test2" time="0.001" classname="com.Demo.apiTesting.DemoExcelDataProvider"/>
  <testcase name="test" time="0.002" classname="com.Demo.apiTesting.DemoExcelDataProvider"/>
  <testcase name="test2" time="0.001" classname="com.Demo.apiTesting.DemoExcelDataProvider"/>
  <testcase name="test" time="0.001" classname="com.Demo.apiTesting.DemoExcelDataProvider"/>
  <testcase name="test" time="0.003" classname="com.Demo.apiTesting.DemoExcelDataProvider"/>
  <testcase name="test" time="0.001" classname="com.Demo.apiTesting.DemoExcelDataProvider"/>
  <testcase name="test2" time="0.001" classname="com.Demo.apiTesting.DemoExcelDataProvider"/>
  <testcase name="test" time="0.003" classname="com.Demo.apiTesting.DemoExcelDataProvider"/>
  <testcase name="test2" time="0.001" classname="com.Demo.apiTesting.DemoExcelDataProvider"/>
  <testcase name="test2" time="0.002" classname="com.Demo.apiTesting.DemoExcelDataProvider"/>
  <testcase name="test" time="0.002" classname="com.Demo.apiTesting.DemoExcelDataProvider"/>
  <testcase name="test2" time="0.004" classname="com.Demo.apiTesting.DemoExcelDataProvider"/>
  <testcase name="test" time="0.001" classname="com.Demo.apiTesting.DemoExcelDataProvider"/>
  <testcase name="test2" time="0.002" classname="com.Demo.apiTesting.DemoExcelDataProvider"/>
  <testcase name="test2" time="0.001" classname="com.Demo.apiTesting.DemoExcelDataProvider"/>
  <testcase name="test" time="0.001" classname="com.Demo.apiTesting.DemoExcelDataProvider"/>
  <testcase name="test2" time="0.001" classname="com.Demo.apiTesting.DemoExcelDataProvider"/>
  <testcase name="test2" time="0.002" classname="com.Demo.apiTesting.DemoExcelDataProvider"/>
  <testcase name="test" time="0.000" classname="com.Demo.apiTesting.DemoExcelDataProvider"/>
  <testcase name="test" time="0.002" classname="com.Demo.apiTesting.DemoExcelDataProvider"/>
  <testcase name="test" time="0.002" classname="com.Demo.apiTesting.DemoExcelDataProvider"/>
  <testcase name="test" time="0.002" classname="com.Demo.apiTesting.DemoExcelDataProvider"/>
  <testcase name="test2" time="0.000" classname="com.Demo.apiTesting.DemoExcelDataProvider"/>
  <testcase name="test" time="0.001" classname="com.Demo.apiTesting.DemoExcelDataProvider"/>
  <testcase name="test" time="0.003" classname="com.Demo.apiTesting.DemoExcelDataProvider"/>
  <testcase name="test" time="0.002" classname="com.Demo.apiTesting.DemoExcelDataProvider"/>
  <testcase name="test2" time="0.000" classname="com.Demo.apiTesting.DemoExcelDataProvider"/>
  <testcase name="test2" time="0.001" classname="com.Demo.apiTesting.DemoExcelDataProvider"/>
  <testcase name="test" time="0.001" classname="com.Demo.apiTesting.DemoExcelDataProvider"/>
  <testcase name="test" time="0.002" classname="com.Demo.apiTesting.DemoExcelDataProvider"/>
  <testcase name="test" time="0.003" classname="com.Demo.apiTesting.DemoExcelDataProvider"/>
  <testcase name="test2" time="0.001" classname="com.Demo.apiTesting.DemoExcelDataProvider"/>
  <testcase name="test2" time="0.002" classname="com.Demo.apiTesting.DemoExcelDataProvider"/>
  <testcase name="test" time="0.002" classname="com.Demo.apiTesting.DemoExcelDataProvider"/>
  <testcase name="test" time="0.004" classname="com.Demo.apiTesting.DemoExcelDataProvider"/>
  <testcase name="test" time="0.001" classname="com.Demo.apiTesting.DemoExcelDataProvider"/>
  <testcase name="test" time="0.004" classname="com.Demo.apiTesting.DemoExcelDataProvider"/>
  <testcase name="test" time="0.001" classname="com.Demo.apiTesting.DemoExcelDataProvider"/>
</testsuite> <!-- com.Demo.apiTesting.DemoExcelDataProvider -->
