<?xml version="1.0" encoding="UTF-8"?>
<!-- Generated by org.testng.reporters.JUnitReportReporter -->
<testsuite skipped="0" hostname="Sowbhas-iMac-2.local" name="com.Test.apiTest.DataDriverWeatherAPI" tests="2" failures="0" timestamp="09 Aug 2019 10:19:50 GMT" time="5.187" errors="0">
  <testcase name="getWeatherInfoOfLondonWithValidData" time="4.702" classname="com.Test.apiTest.DataDriverWeatherAPI"/>
  <testcase name="gettingverifyerrorMessages" time="0.485" classname="com.Test.apiTest.DataDriverWeatherAPI"/>
</testsuite> <!-- com.Test.apiTest.DataDriverWeatherAPI -->
